<?xml version="1.0" encoding="UTF-8"?>
<testng-results ignored="0" total="1" passed="1" failed="0" skipped="0">
  <reporter-output>
  </reporter-output>
  <suite started-at="2024-01-18T12:13:39 IST" name="Default suite" finished-at="2024-01-18T12:13:47 IST" duration-ms="8595">
    <groups>
    </groups>
    <test started-at="2024-01-18T12:13:39 IST" name="Default test" finished-at="2024-01-18T12:13:47 IST" duration-ms="8595">
      <class name="SeleniumBasics.checkbox">
        <test-method is-config="true" signature="setup()[pri:0, instance:SeleniumBasics.checkbox@1a942c18]" started-at="2024-01-18T12:13:39 IST" name="setup" finished-at="2024-01-18T12:13:47 IST" duration-ms="8380" status="PASS">
          <reporter-output>
          </reporter-output>
        </test-method> <!-- setup -->
        <test-method signature="test()[pri:0, instance:SeleniumBasics.checkbox@1a942c18]" started-at="2024-01-18T12:13:47 IST" name="test" finished-at="2024-01-18T12:13:47 IST" duration-ms="93" status="PASS">
          <reporter-output>
          </reporter-output>
        </test-method> <!-- test -->
        <test-method is-config="true" signature="teardown()[pri:0, instance:SeleniumBasics.checkbox@1a942c18]" started-at="2024-01-18T12:13:47 IST" name="teardown" finished-at="2024-01-18T12:13:47 IST" duration-ms="91" status="PASS">
          <reporter-output>
          </reporter-output>
        </test-method> <!-- teardown -->
      </class> <!-- SeleniumBasics.checkbox -->
    </test> <!-- Default test -->
  </suite> <!-- Default suite -->
</testng-results>
