<?xml version="1.0" encoding="UTF-8"?>
<testng-results ignored="0" total="1" passed="1" failed="0" skipped="0">
  <reporter-output>
  </reporter-output>
  <suite started-at="2024-01-19T22:12:48 IST" name="Default suite" finished-at="2024-01-19T22:12:53 IST" duration-ms="5511">
    <groups>
    </groups>
    <test started-at="2024-01-19T22:12:48 IST" name="Default test" finished-at="2024-01-19T22:12:53 IST" duration-ms="5511">
      <class name="SeleniumBasics.Try_catch">
        <test-method is-config="true" signature="setup()[pri:0, instance:SeleniumBasics.Try_catch@2a265ea9]" started-at="2024-01-19T22:12:48 IST" name="setup" finished-at="2024-01-19T22:12:53 IST" duration-ms="5277" status="PASS">
          <reporter-output>
          </reporter-output>
        </test-method> <!-- setup -->
        <test-method signature="test()[pri:0, instance:SeleniumBasics.Try_catch@2a265ea9]" started-at="2024-01-19T22:12:53 IST" name="test" finished-at="2024-01-19T22:12:53 IST" duration-ms="109" status="PASS">
          <reporter-output>
          </reporter-output>
        </test-method> <!-- test -->
        <test-method is-config="true" signature="teardown()[pri:0, instance:SeleniumBasics.Try_catch@2a265ea9]" started-at="2024-01-19T22:12:53 IST" name="teardown" finished-at="2024-01-19T22:12:53 IST" duration-ms="75" status="PASS">
          <reporter-output>
          </reporter-output>
        </test-method> <!-- teardown -->
      </class> <!-- SeleniumBasics.Try_catch -->
    </test> <!-- Default test -->
  </suite> <!-- Default suite -->
</testng-results>
